<?xml version="1.0" encoding="UTF-8"?>
<robot generator="Robot 7.1 (Python 3.12.6 on win32)" generated="2024-10-12T16:10:36.925784" rpa="false" schemaversion="5">
<suite id="s1" name="Amazon" source="C:\Users\User\Robot-Selenium-Amazon\amazon\tests\amazon.robot">
<test id="s1-t1" name="User must sign in to check out" line="9">
<kw name="Begin Web Test" owner="Common">
<kw name="Open Browser" owner="SeleniumLibrary">
<msg time="2024-10-12T16:10:37.286972" level="INFO">Opening browser 'firefox' to base url 'about:blank'.</msg>
<arg>about:blank</arg>
<arg>firefox</arg>
<doc>Opens a new browser instance to the optional ``url``.</doc>
<status status="PASS" start="2024-10-12T16:10:37.285972" elapsed="8.030509"/>
</kw>
<status status="PASS" start="2024-10-12T16:10:37.284973" elapsed="8.032507"/>
</kw>
<kw name="Search for Products" owner="Amazon">
<kw name="Go To" owner="SeleniumLibrary">
<msg time="2024-10-12T16:10:45.337470" level="INFO">Opening url 'https://www.amazon.com/'</msg>
<arg>https://www.amazon.com/</arg>
<doc>Navigates the current browser window to the provided ``url``.</doc>
<status status="PASS" start="2024-10-12T16:10:45.337470" elapsed="2.831085"/>
</kw>
<kw name="Wait Until Page Contains" owner="SeleniumLibrary">
<arg>Your Account</arg>
<doc>Waits until ``text`` appears on the current page.</doc>
<status status="PASS" start="2024-10-12T16:10:48.169555" elapsed="0.074370"/>
</kw>
<kw name="Input Text" owner="SeleniumLibrary">
<msg time="2024-10-12T16:10:48.244924" level="INFO">Typing text 'Ferrari 458' into text field 'id=twotabsearchtextbox'.</msg>
<arg>id=twotabsearchtextbox</arg>
<arg>Ferrari 458</arg>
<doc>Types the given ``text`` into the text field identified by ``locator``.</doc>
<status status="PASS" start="2024-10-12T16:10:48.243925" elapsed="0.359887"/>
</kw>
<kw name="Click Button" owner="SeleniumLibrary">
<msg time="2024-10-12T16:10:48.604811" level="INFO">Clicking button 'xpath=//*[@id="nav-search-submit-button"]'.</msg>
<arg>xpath=//*[@id="nav-search-submit-button"]</arg>
<doc>Clicks the button identified by ``locator``.</doc>
<status status="PASS" start="2024-10-12T16:10:48.604811" elapsed="2.318139"/>
</kw>
<kw name="Wait Until Page Contains" owner="SeleniumLibrary">
<arg>results for "Ferrari 458"</arg>
<doc>Waits until ``text`` appears on the current page.</doc>
<status status="PASS" start="2024-10-12T16:10:50.923949" elapsed="0.046855"/>
</kw>
<status status="PASS" start="2024-10-12T16:10:45.336469" elapsed="5.634335"/>
</kw>
<kw name="Select Product from Search Results" owner="Amazon">
<kw name="Click Element" owner="SeleniumLibrary">
<msg time="2024-10-12T16:10:50.973804" level="INFO">Clicking element 'css=div.sg-col-4-of-24:nth-child(6)'.</msg>
<arg>css=div.sg-col-4-of-24:nth-child(6)</arg>
<doc>Click the element identified by ``locator``.</doc>
<status status="PASS" start="2024-10-12T16:10:50.972806" elapsed="4.283970"/>
</kw>
<kw name="Wait Until Page Contains" owner="SeleniumLibrary">
<arg>Product information</arg>
<doc>Waits until ``text`` appears on the current page.</doc>
<status status="PASS" start="2024-10-12T16:10:55.256776" elapsed="0.122420"/>
</kw>
<status status="PASS" start="2024-10-12T16:10:50.972806" elapsed="4.406390"/>
</kw>
<kw name="Add Product to Cart" owner="Amazon">
<kw name="Click Button" owner="SeleniumLibrary">
<msg time="2024-10-12T16:10:55.381313" level="INFO">Clicking button 'id=add-to-cart-button'.</msg>
<arg>id=add-to-cart-button</arg>
<doc>Clicks the button identified by ``locator``.</doc>
<status status="PASS" start="2024-10-12T16:10:55.380313" elapsed="43.149195"/>
</kw>
<kw name="Wait Until Page Contains" owner="SeleniumLibrary">
<arg>Added to Cart</arg>
<doc>Waits until ``text`` appears on the current page.</doc>
<status status="PASS" start="2024-10-12T16:11:38.529508" elapsed="0.080080"/>
</kw>
<status status="PASS" start="2024-10-12T16:10:55.380313" elapsed="43.229275"/>
</kw>
<kw name="Begin Checkout" owner="Amazon">
<kw name="Click Element" owner="SeleniumLibrary">
<msg time="2024-10-12T16:11:38.611758" level="INFO">Clicking element 'css= #sc-buy-box-ptc-button &gt; span:nth-child(1) &gt; input:nth-child(1)'.</msg>
<arg>css= #sc-buy-box-ptc-button &gt; span:nth-child(1) &gt; input:nth-child(1)</arg>
<doc>Click the element identified by ``locator``.</doc>
<status status="PASS" start="2024-10-12T16:11:38.611758" elapsed="2.518098"/>
</kw>
<kw name="Page Should Contain" owner="SeleniumLibrary">
<msg time="2024-10-12T16:11:41.147845" level="INFO">Current page contains text 'Sign in'.</msg>
<arg>Sign in</arg>
<doc>Verifies that current page contains ``text``.</doc>
<status status="PASS" start="2024-10-12T16:11:41.129856" elapsed="0.018990"/>
</kw>
<status status="PASS" start="2024-10-12T16:11:38.610756" elapsed="2.538090"/>
</kw>
<kw name="End Web Test" owner="Common">
<kw name="Close Browser" owner="SeleniumLibrary">
<doc>Closes the current browser.</doc>
<status status="PASS" start="2024-10-12T16:11:41.149845" elapsed="3.614674"/>
</kw>
<status status="PASS" start="2024-10-12T16:11:41.148846" elapsed="3.615673"/>
</kw>
<doc>This is some basic info about the test</doc>
<tag>Smoke</tag>
<status status="PASS" start="2024-10-12T16:10:37.283993" elapsed="67.481552"/>
</test>
<doc>This is some basic info about the whole suite</doc>
<status status="PASS" start="2024-10-12T16:10:36.927783" elapsed="67.841623"/>
</suite>
<statistics>
<total>
<stat pass="1" fail="0" skip="0">All Tests</stat>
</total>
<tag>
<stat pass="1" fail="0" skip="0">Smoke</stat>
</tag>
<suite>
<stat pass="1" fail="0" skip="0" id="s1" name="Amazon">Amazon</stat>
</suite>
</statistics>
<errors>
</errors>
</robot>
